<?xml version="1.0" encoding="UTF-8"?>
<!-- Generated by org.testng.reporters.JUnitReportReporter -->
<testsuite hostname="LAPTOP-637D0VS7" name="Testing.TestCase_01" tests="4" failures="0" timestamp="6 Jun 2020 09:24:33 GMT" time="84.714" errors="0">
  <testcase name="LoginTest" time="13.552" classname="Testing.TestCase_01"/>
  <testcase name="LoginTest" time="21.684" classname="Testing.TestCase_01"/>
  <testcase name="LoginTest" time="36.601" classname="Testing.TestCase_01"/>
  <testcase name="LoginTest" time="12.877" classname="Testing.TestCase_01"/>
</testsuite> <!-- Testing.TestCase_01 -->
